<?xml version="1.0" encoding="UTF-8"?>
<testng-results skipped="0" failed="0" ignored="0" total="2" passed="2">
  <reporter-output>
    <line>
      <![CDATA[The browser is now open]]>
    </line>
    <line>
      <![CDATA[the google website is open now]]>
    </line>
    <line>
      <![CDATA[the Data entered now ]]>
    </line>
    <line>
      <![CDATA[The browser is now open]]>
    </line>
    <line>
      <![CDATA[the google website is open now]]>
    </line>
    <line>
      <![CDATA[the Data entered now ]]>
    </line>
  </reporter-output>
  <suite name="Suite" duration-ms="48246" started-at="2019-01-16T13:22:49Z" finished-at="2019-01-16T13:23:37Z">
    <groups>
    </groups>
    <test name="Test" duration-ms="48246" started-at="2019-01-16T13:22:49Z" finished-at="2019-01-16T13:23:37Z">
      <class name="com.test.DemoA">
        <test-method status="PASS" signature="run()[pri:0, instance:com.test.DemoA@6acdbdf5]" name="run" duration-ms="12056" started-at="2019-01-16T13:23:25Z" finished-at="2019-01-16T13:23:37Z">
          <reporter-output>
            <line>
              <![CDATA[The browser is now open]]>
            </line>
            <line>
              <![CDATA[the google website is open now]]>
            </line>
            <line>
              <![CDATA[the Data entered now ]]>
            </line>
          </reporter-output>
        </test-method> <!-- run -->
      </class> <!-- com.test.DemoA -->
      <class name="com.test.DemoB">
        <test-method status="PASS" signature="run()[pri:0, instance:com.test.DemoB@1786dec2]" name="run" duration-ms="35944" started-at="2019-01-16T13:22:49Z" finished-at="2019-01-16T13:23:25Z">
          <reporter-output>
            <line>
              <![CDATA[The browser is now open]]>
            </line>
            <line>
              <![CDATA[the google website is open now]]>
            </line>
            <line>
              <![CDATA[the Data entered now ]]>
            </line>
          </reporter-output>
        </test-method> <!-- run -->
      </class> <!-- com.test.DemoB -->
    </test> <!-- Test -->
  </suite> <!-- Suite -->
</testng-results>
