<?xml version="1.0" encoding="UTF-8"?>
<testng-results skipped="0" failed="0" ignored="0" total="1" passed="1">
  <reporter-output>
  </reporter-output>
  <suite name="Default suite" duration-ms="19015" started-at="2019-01-17T08:50:47Z" finished-at="2019-01-17T08:51:06Z">
    <groups>
    </groups>
    <test name="Default test" duration-ms="19015" started-at="2019-01-17T08:50:47Z" finished-at="2019-01-17T08:51:06Z">
      <class name="firsttestng_package.FirstTestNGFile">
        <test-method status="PASS" signature="f()[pri:0, instance:firsttestng_package.FirstTestNGFile@9a7504c]" name="f" duration-ms="18960" started-at="2019-01-17T08:50:47Z" finished-at="2019-01-17T08:51:06Z">
          <reporter-output>
          </reporter-output>
        </test-method> <!-- f -->
      </class> <!-- firsttestng_package.FirstTestNGFile -->
    </test> <!-- Default test -->
  </suite> <!-- Default suite -->
</testng-results>
