<?xml version="1.0" encoding="UTF-8"?>
<testng-results skipped="0" failed="0" total="1" passed="1">
  <reporter-output>
  </reporter-output>
  <suite name="Suite" duration-ms="75" started-at="2019-01-18T09:02:44Z" finished-at="2019-01-18T09:02:44Z">
    <groups>
    </groups>
    <test name="Test" duration-ms="75" started-at="2019-01-18T09:02:44Z" finished-at="2019-01-18T09:02:44Z">
      <class name="WebdriverTest.WebdriverTest.AppTest">
        <test-method status="PASS" signature="testApp()[pri:0, instance:WebdriverTest.WebdriverTest.AppTest@548a9f61]" name="testApp" duration-ms="20" started-at="2019-01-18T14:32:44Z" finished-at="2019-01-18T14:32:44Z">
          <reporter-output>
          </reporter-output>
        </test-method> <!-- testApp -->
      </class> <!-- WebdriverTest.WebdriverTest.AppTest -->
    </test> <!-- Test -->
  </suite> <!-- Suite -->
</testng-results>
