<?xml version="1.0" encoding="UTF-8"?>
<testng-results skipped="0" failed="0" total="1" passed="1">
  <reporter-output>
  </reporter-output>
  <suite name="Suite" duration-ms="25" started-at="2019-01-16T06:11:38Z" finished-at="2019-01-16T06:11:38Z">
    <groups>
    </groups>
    <test name="Test" duration-ms="25" started-at="2019-01-16T06:11:38Z" finished-at="2019-01-16T06:11:38Z">
      <class name="SeleniumFrameworkTestNG.TestNgEx.AppTest">
        <test-method status="PASS" signature="testApp()[pri:0, instance:SeleniumFrameworkTestNG.TestNgEx.AppTest@6108b2d7]" name="testApp" duration-ms="12" started-at="2019-01-16T11:41:38Z" finished-at="2019-01-16T11:41:38Z">
          <reporter-output>
          </reporter-output>
        </test-method> <!-- testApp -->
      </class> <!-- SeleniumFrameworkTestNG.TestNgEx.AppTest -->
    </test> <!-- Test -->
  </suite> <!-- Suite -->
</testng-results>
